<?xml version="1.0" encoding="UTF-8"?>
<testsuite xmlns:xsi="http://www.w3.org/2001/XMLSchema-instance" xsi:noNamespaceSchemaLocation="https://maven.apache.org/surefire/maven-surefire-plugin/xsd/surefire-test-report.xsd" name="com.example.UpdateExpenseTest" time="0.01" tests="6" errors="0" skipped="0" failures="0">
  <properties>
[...]
</properties>
  <testcase name="testUpdateExpenseNotFound" classname="com.example.UpdateExpenseTest" time="0.001"/>
  <testcase name="testUpdateWithNegativeAmount" classname="com.example.UpdateExpenseTest" time="0"/>
  <testcase name="testOnlyMatchingExpenseUpdates" classname="com.example.UpdateExpenseTest" time="0.001"/>
  <testcase name="testUpdateWithZeroAmount" classname="com.example.UpdateExpenseTest" time="0.002"/>
  <testcase name="testUserNotFound" classname="com.example.UpdateExpenseTest" time="0.001"/>
  <testcase name="testUpdateExpenseSuccessfully" classname="com.example.UpdateExpenseTest" time="0.001"/>
</testsuite>